TN:
SF:src\adoption.router.js
FN:10,(anonymous_0)
FN:14,(anonymous_1)
FN:16,(anonymous_2)
FN:21,(anonymous_3)
FN:38,(anonymous_4)
FNF:5
FNH:5
FNDA:1,(anonymous_0)
FNDA:2,(anonymous_1)
FNDA:3,(anonymous_2)
FNDA:4,(anonymous_3)
FNDA:2,(anonymous_4)
DA:1,1
DA:2,1
DA:3,1
DA:5,1
DA:10,1
DA:11,1
DA:14,1
DA:15,2
DA:16,3
DA:17,2
DA:18,1
DA:21,1
DA:22,4
DA:24,4
DA:25,1
DA:28,3
DA:30,3
DA:31,1
DA:32,1
DA:33,1
DA:36,2
DA:38,2
DA:39,2
DA:40,2
DA:41,1
DA:42,1
DA:43,1
DA:45,1
DA:50,1
LF:29
LH:29
BRDA:17,0,0,1
BRDA:17,0,1,1
BRDA:24,1,0,1
BRDA:24,1,1,3
BRDA:24,2,0,4
BRDA:24,2,1,4
BRDA:28,3,0,3
BRDA:28,3,1,0
BRDA:30,4,0,1
BRDA:30,4,1,2
BRDA:40,5,0,1
BRDA:40,5,1,1
BRF:12
BRH:11
end_of_record
TN:
SF:src\app.js
FNF:0
FNH:0
DA:1,1
DA:2,1
DA:4,1
DA:6,1
DA:8,1
DA:10,1
LF:6
LH:6
BRF:0
BRH:0
end_of_record
